app/build/intermediates/manifest_merge_blame_file/debug/processDebugMainManifest/manifest-merger-blame-debug-report.txt
1<?xml version="1.0" encoding="utf-8"?>
2<manifest xmlns:android="http://schemas.android.com/apk/res/android"
3    package="com.example.cleanuptunisia"
4    android:versionCode="1"
5    android:versionName="1.0" >
6
7    <uses-sdk
8        android:minSdkVersion="24"
9        android:targetSdkVersion="34" />
10
11    <uses-permission android:name="android.permission.CAMERA" /> <!-- Permissions -->
11-->src\main\AndroidManifest.xml:5:1-61
11-->src\main\AndroidManifest.xml:5:18-58
12    <uses-permission
12-->src\main\AndroidManifest.xml:6:1-8:34
13        android:name="android.permission.READ_EXTERNAL_STORAGE"
13-->src\main\AndroidManifest.xml:7:5-60
14        android:maxSdkVersion="32" />
14-->src\main\AndroidManifest.xml:8:5-31
15    <uses-permission
15-->src\main\AndroidManifest.xml:9:1-12:36
16        android:name="android.permission.WRITE_EXTERNAL_STORAGE"
16-->src\main\AndroidManifest.xml:10:5-61
17        android:maxSdkVersion="32" />
17-->src\main\AndroidManifest.xml:11:5-31
18    <uses-permission android:name="android.permission.ACCESS_FINE_LOCATION" />
18-->src\main\AndroidManifest.xml:13:1-75
18-->src\main\AndroidManifest.xml:13:18-72
19    <uses-permission android:name="android.permission.INTERNET" />
19-->src\main\AndroidManifest.xml:14:1-63
19-->src\main\AndroidManifest.xml:14:18-60
20    <uses-permission android:name="android.permission.ACCESS_NETWORK_STATE" />
20-->src\main\AndroidManifest.xml:15:1-75
20-->src\main\AndroidManifest.xml:15:18-72
21    <uses-permission android:name="android.permission.ACCESS_COARSE_LOCATION" /> <!-- Only request background location if absolutely needed -->
21-->src\main\AndroidManifest.xml:16:1-77
21-->src\main\AndroidManifest.xml:16:18-74
22    <uses-permission android:name="android.permission.ACCESS_BACKGROUND_LOCATION" /> <!-- Camera feature (optional) -->
22-->src\main\AndroidManifest.xml:17:1-81
22-->src\main\AndroidManifest.xml:17:18-78
23    <uses-feature
23-->src\main\AndroidManifest.xml:18:1-20:32
24        android:name="android.hardware.camera"
24-->src\main\AndroidManifest.xml:19:5-43
25        android:required="false" />
25-->src\main\AndroidManifest.xml:20:5-29
26    <uses-feature
26-->[com.google.android.gms:play-services-maps:19.2.0] AndroidManifest.xml:22:5-24:33
27        android:glEsVersion="0x00020000"
27-->[com.google.android.gms:play-services-maps:19.2.0] AndroidManifest.xml:23:8-40
28        android:required="true" />
28-->[com.google.android.gms:play-services-maps:19.2.0] AndroidManifest.xml:24:8-31
29
30    <queries>
30-->[com.google.android.gms:play-services-maps:19.2.0] AndroidManifest.xml:27:5-30:15
31
32        <!-- Needs to be explicitly declared on Android R+ -->
33        <package android:name="com.google.android.apps.maps" />
33-->[com.google.android.gms:play-services-maps:19.2.0] AndroidManifest.xml:29:7-61
33-->[com.google.android.gms:play-services-maps:19.2.0] AndroidManifest.xml:29:16-59
34    </queries>
35
36    <uses-permission android:name="com.google.android.providers.gsf.permission.READ_GSERVICES" />
36-->[com.google.android.recaptcha:recaptcha:18.6.1] AndroidManifest.xml:9:5-98
36-->[com.google.android.recaptcha:recaptcha:18.6.1] AndroidManifest.xml:9:22-95
37
38    <permission
38-->[androidx.core:core:1.13.0] AndroidManifest.xml:22:5-24:47
39        android:name="com.example.cleanuptunisia.DYNAMIC_RECEIVER_NOT_EXPORTED_PERMISSION"
39-->[androidx.core:core:1.13.0] AndroidManifest.xml:23:9-81
40        android:protectionLevel="signature" />
40-->[androidx.core:core:1.13.0] AndroidManifest.xml:24:9-44
41
42    <uses-permission android:name="com.example.cleanuptunisia.DYNAMIC_RECEIVER_NOT_EXPORTED_PERMISSION" />
42-->[androidx.core:core:1.13.0] AndroidManifest.xml:26:5-97
42-->[androidx.core:core:1.13.0] AndroidManifest.xml:26:22-94
43
44    <application
44-->src\main\AndroidManifest.xml:22:1-100:15
45        android:allowBackup="true"
45-->src\main\AndroidManifest.xml:23:5-31
46        android:appComponentFactory="androidx.core.app.CoreComponentFactory"
46-->[androidx.core:core:1.13.0] AndroidManifest.xml:28:18-86
47        android:dataExtractionRules="@xml/data_extraction_rules"
47-->src\main\AndroidManifest.xml:24:5-61
48        android:debuggable="true"
49        android:extractNativeLibs="false"
50        android:fullBackupContent="@xml/backup_rules"
50-->src\main\AndroidManifest.xml:25:5-50
51        android:icon="@mipmap/ic_launcher"
51-->src\main\AndroidManifest.xml:26:5-39
52        android:label="@string/app_name"
52-->src\main\AndroidManifest.xml:27:5-37
53        android:roundIcon="@mipmap/ic_launcher_round"
53-->src\main\AndroidManifest.xml:28:5-50
54        android:supportsRtl="true"
54-->src\main\AndroidManifest.xml:29:5-31
55        android:testOnly="true"
56        android:theme="@style/Theme.CleanupTunisia" >
56-->src\main\AndroidManifest.xml:30:5-48
57        <activity
57-->src\main\AndroidManifest.xml:32:5-34:36
58            android:name="com.example.cleanuptunisia.MapsActivity"
58-->src\main\AndroidManifest.xml:33:9-37
59            android:exported="false" />
59-->src\main\AndroidManifest.xml:34:9-33
60        <activity
60-->src\main\AndroidManifest.xml:35:5-37:36
61            android:name="com.example.cleanuptunisia.HistoryActivity"
61-->src\main\AndroidManifest.xml:36:9-40
62            android:exported="false" />
62-->src\main\AndroidManifest.xml:37:9-33
63        <!-- Additional Activity -->
64
65        <provider
66            android:name="androidx.core.content.FileProvider"
66-->src\main\AndroidManifest.xml:43:9-58
67            android:authorities="com.example.cleanuptunisia.fileprovider"
67-->src\main\AndroidManifest.xml:44:9-60
68            android:exported="false"
68-->src\main\AndroidManifest.xml:45:9-33
69            android:grantUriPermissions="true" >
69-->src\main\AndroidManifest.xml:46:9-43
70            <meta-data
70-->src\main\AndroidManifest.xml:47:9-49:50
71                android:name="android.support.FILE_PROVIDER_PATHS"
71-->src\main\AndroidManifest.xml:48:13-63
72                android:resource="@xml/file_paths" />
72-->src\main\AndroidManifest.xml:49:13-47
73        </provider>
74
75        <activity
75-->src\main\AndroidManifest.xml:52:5-54:36
76            android:name="com.example.cleanuptunisia.WasteTypeActivity"
76-->src\main\AndroidManifest.xml:53:9-42
77            android:exported="false" />
77-->src\main\AndroidManifest.xml:54:9-33
78
79        <meta-data
79-->src\main\AndroidManifest.xml:56:5-58:67
80            android:name="com.google.android.geo.API_KEY"
80-->src\main\AndroidManifest.xml:57:9-54
81            android:value="AIzaSyAhWldJre9uCJrnAAo-ERJEnhoJ6EL4sgU" />
81-->src\main\AndroidManifest.xml:58:9-64
82
83        <activity
83-->src\main\AndroidManifest.xml:60:5-62:35
84            android:name="com.example.cleanuptunisia.DashboardActivity"
84-->src\main\AndroidManifest.xml:61:9-42
85            android:exported="true" />
85-->src\main\AndroidManifest.xml:62:9-32
86        <activity
86-->src\main\AndroidManifest.xml:63:5-65:36
87            android:name="com.example.cleanuptunisia.EditProfileActivity"
87-->src\main\AndroidManifest.xml:64:9-44
88            android:exported="false" />
88-->src\main\AndroidManifest.xml:65:9-33
89        <activity
89-->src\main\AndroidManifest.xml:66:5-68:36
90            android:name="com.example.cleanuptunisia.ProfileActivity"
90-->src\main\AndroidManifest.xml:67:9-40
91            android:exported="false" />
91-->src\main\AndroidManifest.xml:68:9-33
92        <activity
92-->src\main\AndroidManifest.xml:69:5-71:36
93            android:name="com.example.cleanuptunisia.ForgotPassword"
93-->src\main\AndroidManifest.xml:70:9-39
94            android:exported="false" />
94-->src\main\AndroidManifest.xml:71:9-33
95        <activity
95-->src\main\AndroidManifest.xml:72:5-74:36
96            android:name="com.example.cleanuptunisia.GetStarted"
96-->src\main\AndroidManifest.xml:73:9-35
97            android:exported="false" />
97-->src\main\AndroidManifest.xml:74:9-33
98        <activity android:name="com.example.cleanuptunisia.LoginActivity" />
98-->src\main\AndroidManifest.xml:75:5-47
98-->src\main\AndroidManifest.xml:75:15-44
99        <activity android:name="com.example.cleanuptunisia.SignUpActivity" />
99-->src\main\AndroidManifest.xml:76:5-48
99-->src\main\AndroidManifest.xml:76:15-45
100        <activity
100-->src\main\AndroidManifest.xml:78:5-79:27
101            android:name="com.example.cleanuptunisia.StatsActivity"
101-->src\main\AndroidManifest.xml:78:15-44
102            android:label="" />
102-->src\main\AndroidManifest.xml:79:9-25
103        <activity
103-->src\main\AndroidManifest.xml:80:5-82:36
104            android:name="com.example.cleanuptunisia.NavigationActivity"
104-->src\main\AndroidManifest.xml:81:9-43
105            android:exported="false" />
105-->src\main\AndroidManifest.xml:82:9-33
106        <activity
106-->src\main\AndroidManifest.xml:83:5-93:16
107            android:name="com.example.cleanuptunisia.MainActivity"
107-->src\main\AndroidManifest.xml:84:9-37
108            android:exported="true"
108-->src\main\AndroidManifest.xml:85:9-32
109            android:label="@string/app_name"
109-->src\main\AndroidManifest.xml:86:9-41
110            android:theme="@style/Theme.CleanupTunisia" >
110-->src\main\AndroidManifest.xml:87:9-52
111            <intent-filter>
111-->src\main\AndroidManifest.xml:88:9-92:25
112                <action android:name="android.intent.action.MAIN" />
112-->src\main\AndroidManifest.xml:89:13-65
112-->src\main\AndroidManifest.xml:89:21-62
113
114                <category android:name="android.intent.category.LAUNCHER" />
114-->src\main\AndroidManifest.xml:91:13-73
114-->src\main\AndroidManifest.xml:91:23-70
115            </intent-filter>
116        </activity>
117
118        <meta-data
118-->src\main\AndroidManifest.xml:95:5-97:53
119            android:name="preloaded_fonts"
119-->src\main\AndroidManifest.xml:96:9-39
120            android:resource="@array/preloaded_fonts" />
120-->src\main\AndroidManifest.xml:97:9-50
121
122        <!-- Needs to be explicitly declared on P+ -->
123        <uses-library
123-->[com.google.android.gms:play-services-maps:19.2.0] AndroidManifest.xml:33:7-86
124            android:name="org.apache.http.legacy"
124-->[com.google.android.gms:play-services-maps:19.2.0] AndroidManifest.xml:33:21-58
125            android:required="false" />
125-->[com.google.android.gms:play-services-maps:19.2.0] AndroidManifest.xml:33:59-83
126
127        <activity
127-->[com.google.firebase:firebase-auth:23.2.0] AndroidManifest.xml:29:9-46:20
128            android:name="com.google.firebase.auth.internal.GenericIdpActivity"
128-->[com.google.firebase:firebase-auth:23.2.0] AndroidManifest.xml:30:13-80
129            android:excludeFromRecents="true"
129-->[com.google.firebase:firebase-auth:23.2.0] AndroidManifest.xml:31:13-46
130            android:exported="true"
130-->[com.google.firebase:firebase-auth:23.2.0] AndroidManifest.xml:32:13-36
131            android:launchMode="singleTask"
131-->[com.google.firebase:firebase-auth:23.2.0] AndroidManifest.xml:33:13-44
132            android:theme="@android:style/Theme.Translucent.NoTitleBar" >
132-->[com.google.firebase:firebase-auth:23.2.0] AndroidManifest.xml:34:13-72
133            <intent-filter>
133-->[com.google.firebase:firebase-auth:23.2.0] AndroidManifest.xml:35:13-45:29
134                <action android:name="android.intent.action.VIEW" />
134-->[com.google.firebase:firebase-auth:23.2.0] AndroidManifest.xml:36:17-69
134-->[com.google.firebase:firebase-auth:23.2.0] AndroidManifest.xml:36:25-66
135
136                <category android:name="android.intent.category.DEFAULT" />
136-->[com.google.firebase:firebase-auth:23.2.0] AndroidManifest.xml:38:17-76
136-->[com.google.firebase:firebase-auth:23.2.0] AndroidManifest.xml:38:27-73
137                <category android:name="android.intent.category.BROWSABLE" />
137-->[com.google.firebase:firebase-auth:23.2.0] AndroidManifest.xml:39:17-78
137-->[com.google.firebase:firebase-auth:23.2.0] AndroidManifest.xml:39:27-75
138
139                <data
139-->[com.google.firebase:firebase-auth:23.2.0] AndroidManifest.xml:41:17-44:51
140                    android:host="firebase.auth"
140-->[com.google.firebase:firebase-auth:23.2.0] AndroidManifest.xml:42:21-49
141                    android:path="/"
141-->[com.google.firebase:firebase-auth:23.2.0] AndroidManifest.xml:43:21-37
142                    android:scheme="genericidp" />
142-->[com.google.firebase:firebase-auth:23.2.0] AndroidManifest.xml:44:21-48
143            </intent-filter>
144        </activity>
145        <activity
145-->[com.google.firebase:firebase-auth:23.2.0] AndroidManifest.xml:47:9-64:20
146            android:name="com.google.firebase.auth.internal.RecaptchaActivity"
146-->[com.google.firebase:firebase-auth:23.2.0] AndroidManifest.xml:48:13-79
147            android:excludeFromRecents="true"
147-->[com.google.firebase:firebase-auth:23.2.0] AndroidManifest.xml:49:13-46
148            android:exported="true"
148-->[com.google.firebase:firebase-auth:23.2.0] AndroidManifest.xml:50:13-36
149            android:launchMode="singleTask"
149-->[com.google.firebase:firebase-auth:23.2.0] AndroidManifest.xml:51:13-44
150            android:theme="@android:style/Theme.Translucent.NoTitleBar" >
150-->[com.google.firebase:firebase-auth:23.2.0] AndroidManifest.xml:52:13-72
151            <intent-filter>
151-->[com.google.firebase:firebase-auth:23.2.0] AndroidManifest.xml:53:13-63:29
152                <action android:name="android.intent.action.VIEW" />
152-->[com.google.firebase:firebase-auth:23.2.0] AndroidManifest.xml:36:17-69
152-->[com.google.firebase:firebase-auth:23.2.0] AndroidManifest.xml:36:25-66
153
154                <category android:name="android.intent.category.DEFAULT" />
154-->[com.google.firebase:firebase-auth:23.2.0] AndroidManifest.xml:38:17-76
154-->[com.google.firebase:firebase-auth:23.2.0] AndroidManifest.xml:38:27-73
155                <category android:name="android.intent.category.BROWSABLE" />
155-->[com.google.firebase:firebase-auth:23.2.0] AndroidManifest.xml:39:17-78
155-->[com.google.firebase:firebase-auth:23.2.0] AndroidManifest.xml:39:27-75
156
157                <data
157-->[com.google.firebase:firebase-auth:23.2.0] AndroidManifest.xml:41:17-44:51
158                    android:host="firebase.auth"
158-->[com.google.firebase:firebase-auth:23.2.0] AndroidManifest.xml:42:21-49
159                    android:path="/"
159-->[com.google.firebase:firebase-auth:23.2.0] AndroidManifest.xml:43:21-37
160                    android:scheme="recaptcha" />
160-->[com.google.firebase:firebase-auth:23.2.0] AndroidManifest.xml:44:21-48
161            </intent-filter>
162        </activity>
163
164        <service
164-->[com.google.firebase:firebase-auth:23.2.0] AndroidManifest.xml:66:9-72:19
165            android:name="com.google.firebase.components.ComponentDiscoveryService"
165-->[com.google.firebase:firebase-auth:23.2.0] AndroidManifest.xml:67:13-84
166            android:directBootAware="true"
166-->[com.google.firebase:firebase-common:21.0.0] AndroidManifest.xml:32:13-43
167            android:exported="false" >
167-->[com.google.firebase:firebase-auth:23.2.0] AndroidManifest.xml:68:13-37
168            <meta-data
168-->[com.google.firebase:firebase-auth:23.2.0] AndroidManifest.xml:69:13-71:85
169                android:name="com.google.firebase.components:com.google.firebase.auth.FirebaseAuthRegistrar"
169-->[com.google.firebase:firebase-auth:23.2.0] AndroidManifest.xml:70:17-109
170                android:value="com.google.firebase.components.ComponentRegistrar" />
170-->[com.google.firebase:firebase-auth:23.2.0] AndroidManifest.xml:71:17-82
171            <meta-data
171-->[com.google.firebase:firebase-database:21.0.0] AndroidManifest.xml:29:13-31:85
172                android:name="com.google.firebase.components:com.google.firebase.database.FirebaseDatabaseKtxRegistrar"
172-->[com.google.firebase:firebase-database:21.0.0] AndroidManifest.xml:30:17-120
173                android:value="com.google.firebase.components.ComponentRegistrar" />
173-->[com.google.firebase:firebase-database:21.0.0] AndroidManifest.xml:31:17-82
174            <meta-data
174-->[com.google.firebase:firebase-database:21.0.0] AndroidManifest.xml:32:13-34:85
175                android:name="com.google.firebase.components:com.google.firebase.database.DatabaseRegistrar"
175-->[com.google.firebase:firebase-database:21.0.0] AndroidManifest.xml:33:17-109
176                android:value="com.google.firebase.components.ComponentRegistrar" />
176-->[com.google.firebase:firebase-database:21.0.0] AndroidManifest.xml:34:17-82
177            <meta-data
177-->[com.google.firebase:firebase-firestore:25.1.4] AndroidManifest.xml:17:13-19:85
178                android:name="com.google.firebase.components:com.google.firebase.firestore.FirebaseFirestoreKtxRegistrar"
178-->[com.google.firebase:firebase-firestore:25.1.4] AndroidManifest.xml:18:17-122
179                android:value="com.google.firebase.components.ComponentRegistrar" />
179-->[com.google.firebase:firebase-firestore:25.1.4] AndroidManifest.xml:19:17-82
180            <meta-data
180-->[com.google.firebase:firebase-firestore:25.1.4] AndroidManifest.xml:20:13-22:85
181                android:name="com.google.firebase.components:com.google.firebase.firestore.FirestoreRegistrar"
181-->[com.google.firebase:firebase-firestore:25.1.4] AndroidManifest.xml:21:17-111
182                android:value="com.google.firebase.components.ComponentRegistrar" />
182-->[com.google.firebase:firebase-firestore:25.1.4] AndroidManifest.xml:22:17-82
183            <meta-data
183-->[com.google.firebase:firebase-storage:21.0.1] AndroidManifest.xml:30:13-32:85
184                android:name="com.google.firebase.components:com.google.firebase.storage.FirebaseStorageKtxRegistrar"
184-->[com.google.firebase:firebase-storage:21.0.1] AndroidManifest.xml:31:17-118
185                android:value="com.google.firebase.components.ComponentRegistrar" />
185-->[com.google.firebase:firebase-storage:21.0.1] AndroidManifest.xml:32:17-82
186            <meta-data
186-->[com.google.firebase:firebase-storage:21.0.1] AndroidManifest.xml:33:13-35:85
187                android:name="com.google.firebase.components:com.google.firebase.storage.StorageRegistrar"
187-->[com.google.firebase:firebase-storage:21.0.1] AndroidManifest.xml:34:17-107
188                android:value="com.google.firebase.components.ComponentRegistrar" />
188-->[com.google.firebase:firebase-storage:21.0.1] AndroidManifest.xml:35:17-82
189            <meta-data
189-->[com.google.firebase:firebase-appcheck:17.1.0] AndroidManifest.xml:25:13-27:85
190                android:name="com.google.firebase.components:com.google.firebase.appcheck.FirebaseAppCheckKtxRegistrar"
190-->[com.google.firebase:firebase-appcheck:17.1.0] AndroidManifest.xml:26:17-120
191                android:value="com.google.firebase.components.ComponentRegistrar" />
191-->[com.google.firebase:firebase-appcheck:17.1.0] AndroidManifest.xml:27:17-82
192            <meta-data
192-->[com.google.firebase:firebase-appcheck:17.1.0] AndroidManifest.xml:28:13-30:85
193                android:name="com.google.firebase.components:com.google.firebase.appcheck.FirebaseAppCheckRegistrar"
193-->[com.google.firebase:firebase-appcheck:17.1.0] AndroidManifest.xml:29:17-117
194                android:value="com.google.firebase.components.ComponentRegistrar" />
194-->[com.google.firebase:firebase-appcheck:17.1.0] AndroidManifest.xml:30:17-82
195            <meta-data
195-->[com.google.firebase:firebase-common-ktx:21.0.0] AndroidManifest.xml:12:13-14:85
196                android:name="com.google.firebase.components:com.google.firebase.ktx.FirebaseCommonLegacyRegistrar"
196-->[com.google.firebase:firebase-common-ktx:21.0.0] AndroidManifest.xml:13:17-116
197                android:value="com.google.firebase.components.ComponentRegistrar" />
197-->[com.google.firebase:firebase-common-ktx:21.0.0] AndroidManifest.xml:14:17-82
198            <meta-data
198-->[com.google.firebase:firebase-common:21.0.0] AndroidManifest.xml:35:13-37:85
199                android:name="com.google.firebase.components:com.google.firebase.FirebaseCommonKtxRegistrar"
199-->[com.google.firebase:firebase-common:21.0.0] AndroidManifest.xml:36:17-109
200                android:value="com.google.firebase.components.ComponentRegistrar" />
200-->[com.google.firebase:firebase-common:21.0.0] AndroidManifest.xml:37:17-82
201        </service>
202        <service
202-->[androidx.credentials:credentials-play-services-auth:1.2.0-rc01] AndroidManifest.xml:24:9-32:19
203            android:name="androidx.credentials.playservices.CredentialProviderMetadataHolder"
203-->[androidx.credentials:credentials-play-services-auth:1.2.0-rc01] AndroidManifest.xml:25:13-94
204            android:enabled="true"
204-->[androidx.credentials:credentials-play-services-auth:1.2.0-rc01] AndroidManifest.xml:26:13-35
205            android:exported="false" >
205-->[androidx.credentials:credentials-play-services-auth:1.2.0-rc01] AndroidManifest.xml:27:13-37
206            <meta-data
206-->[androidx.credentials:credentials-play-services-auth:1.2.0-rc01] AndroidManifest.xml:29:13-31:104
207                android:name="androidx.credentials.CREDENTIAL_PROVIDER_KEY"
207-->[androidx.credentials:credentials-play-services-auth:1.2.0-rc01] AndroidManifest.xml:30:17-76
208                android:value="androidx.credentials.playservices.CredentialProviderPlayServicesImpl" />
208-->[androidx.credentials:credentials-play-services-auth:1.2.0-rc01] AndroidManifest.xml:31:17-101
209        </service>
210
211        <activity
211-->[androidx.credentials:credentials-play-services-auth:1.2.0-rc01] AndroidManifest.xml:34:9-41:20
212            android:name="androidx.credentials.playservices.HiddenActivity"
212-->[androidx.credentials:credentials-play-services-auth:1.2.0-rc01] AndroidManifest.xml:35:13-76
213            android:configChanges="orientation|screenSize|screenLayout|keyboardHidden"
213-->[androidx.credentials:credentials-play-services-auth:1.2.0-rc01] AndroidManifest.xml:36:13-87
214            android:enabled="true"
214-->[androidx.credentials:credentials-play-services-auth:1.2.0-rc01] AndroidManifest.xml:37:13-35
215            android:exported="false"
215-->[androidx.credentials:credentials-play-services-auth:1.2.0-rc01] AndroidManifest.xml:38:13-37
216            android:fitsSystemWindows="true"
216-->[androidx.credentials:credentials-play-services-auth:1.2.0-rc01] AndroidManifest.xml:39:13-45
217            android:theme="@style/Theme.Hidden" >
217-->[androidx.credentials:credentials-play-services-auth:1.2.0-rc01] AndroidManifest.xml:40:13-48
218        </activity>
219        <activity
219-->[com.google.android.gms:play-services-auth:20.7.0] AndroidManifest.xml:23:9-27:75
220            android:name="com.google.android.gms.auth.api.signin.internal.SignInHubActivity"
220-->[com.google.android.gms:play-services-auth:20.7.0] AndroidManifest.xml:24:13-93
221            android:excludeFromRecents="true"
221-->[com.google.android.gms:play-services-auth:20.7.0] AndroidManifest.xml:25:13-46
222            android:exported="false"
222-->[com.google.android.gms:play-services-auth:20.7.0] AndroidManifest.xml:26:13-37
223            android:theme="@android:style/Theme.Translucent.NoTitleBar" />
223-->[com.google.android.gms:play-services-auth:20.7.0] AndroidManifest.xml:27:13-72
224        <!--
225            Service handling Google Sign-In user revocation. For apps that do not integrate with
226            Google Sign-In, this service will never be started.
227        -->
228        <service
228-->[com.google.android.gms:play-services-auth:20.7.0] AndroidManifest.xml:33:9-37:51
229            android:name="com.google.android.gms.auth.api.signin.RevocationBoundService"
229-->[com.google.android.gms:play-services-auth:20.7.0] AndroidManifest.xml:34:13-89
230            android:exported="true"
230-->[com.google.android.gms:play-services-auth:20.7.0] AndroidManifest.xml:35:13-36
231            android:permission="com.google.android.gms.auth.api.signin.permission.REVOCATION_NOTIFICATION"
231-->[com.google.android.gms:play-services-auth:20.7.0] AndroidManifest.xml:36:13-107
232            android:visibleToInstantApps="true" />
232-->[com.google.android.gms:play-services-auth:20.7.0] AndroidManifest.xml:37:13-48
233
234        <activity
234-->[com.google.android.gms:play-services-base:18.5.0] AndroidManifest.xml:5:9-173
235            android:name="com.google.android.gms.common.api.GoogleApiActivity"
235-->[com.google.android.gms:play-services-base:18.5.0] AndroidManifest.xml:5:19-85
236            android:exported="false"
236-->[com.google.android.gms:play-services-base:18.5.0] AndroidManifest.xml:5:146-170
237            android:theme="@android:style/Theme.Translucent.NoTitleBar" />
237-->[com.google.android.gms:play-services-base:18.5.0] AndroidManifest.xml:5:86-145
238
239        <provider
239-->[com.google.firebase:firebase-common:21.0.0] AndroidManifest.xml:23:9-28:39
240            android:name="com.google.firebase.provider.FirebaseInitProvider"
240-->[com.google.firebase:firebase-common:21.0.0] AndroidManifest.xml:24:13-77
241            android:authorities="com.example.cleanuptunisia.firebaseinitprovider"
241-->[com.google.firebase:firebase-common:21.0.0] AndroidManifest.xml:25:13-72
242            android:directBootAware="true"
242-->[com.google.firebase:firebase-common:21.0.0] AndroidManifest.xml:26:13-43
243            android:exported="false"
243-->[com.google.firebase:firebase-common:21.0.0] AndroidManifest.xml:27:13-37
244            android:initOrder="100" />
244-->[com.google.firebase:firebase-common:21.0.0] AndroidManifest.xml:28:13-36
245        <provider
245-->[androidx.emoji2:emoji2:1.3.0] AndroidManifest.xml:24:9-32:20
246            android:name="androidx.startup.InitializationProvider"
246-->[androidx.emoji2:emoji2:1.3.0] AndroidManifest.xml:25:13-67
247            android:authorities="com.example.cleanuptunisia.androidx-startup"
247-->[androidx.emoji2:emoji2:1.3.0] AndroidManifest.xml:26:13-68
248            android:exported="false" >
248-->[androidx.emoji2:emoji2:1.3.0] AndroidManifest.xml:27:13-37
249            <meta-data
249-->[androidx.emoji2:emoji2:1.3.0] AndroidManifest.xml:29:13-31:52
250                android:name="androidx.emoji2.text.EmojiCompatInitializer"
250-->[androidx.emoji2:emoji2:1.3.0] AndroidManifest.xml:30:17-75
251                android:value="androidx.startup" />
251-->[androidx.emoji2:emoji2:1.3.0] AndroidManifest.xml:31:17-49
252            <meta-data
252-->[androidx.lifecycle:lifecycle-process:2.6.2] AndroidManifest.xml:29:13-31:52
253                android:name="androidx.lifecycle.ProcessLifecycleInitializer"
253-->[androidx.lifecycle:lifecycle-process:2.6.2] AndroidManifest.xml:30:17-78
254                android:value="androidx.startup" />
254-->[androidx.lifecycle:lifecycle-process:2.6.2] AndroidManifest.xml:31:17-49
255            <meta-data
255-->[androidx.profileinstaller:profileinstaller:1.4.0] AndroidManifest.xml:29:13-31:52
256                android:name="androidx.profileinstaller.ProfileInstallerInitializer"
256-->[androidx.profileinstaller:profileinstaller:1.4.0] AndroidManifest.xml:30:17-85
257                android:value="androidx.startup" />
257-->[androidx.profileinstaller:profileinstaller:1.4.0] AndroidManifest.xml:31:17-49
258        </provider>
259
260        <meta-data
260-->[com.google.android.gms:play-services-basement:18.4.0] AndroidManifest.xml:6:9-122
261            android:name="com.google.android.gms.version"
261-->[com.google.android.gms:play-services-basement:18.4.0] AndroidManifest.xml:6:20-65
262            android:value="@integer/google_play_services_version" />
262-->[com.google.android.gms:play-services-basement:18.4.0] AndroidManifest.xml:6:66-119
263
264        <provider
264-->[com.squareup.picasso:picasso:2.71828] AndroidManifest.xml:8:9-11:40
265            android:name="com.squareup.picasso.PicassoProvider"
265-->[com.squareup.picasso:picasso:2.71828] AndroidManifest.xml:9:13-64
266            android:authorities="com.example.cleanuptunisia.com.squareup.picasso"
266-->[com.squareup.picasso:picasso:2.71828] AndroidManifest.xml:10:13-72
267            android:exported="false" />
267-->[com.squareup.picasso:picasso:2.71828] AndroidManifest.xml:11:13-37
268
269        <receiver
269-->[androidx.profileinstaller:profileinstaller:1.4.0] AndroidManifest.xml:34:9-52:20
270            android:name="androidx.profileinstaller.ProfileInstallReceiver"
270-->[androidx.profileinstaller:profileinstaller:1.4.0] AndroidManifest.xml:35:13-76
271            android:directBootAware="false"
271-->[androidx.profileinstaller:profileinstaller:1.4.0] AndroidManifest.xml:36:13-44
272            android:enabled="true"
272-->[androidx.profileinstaller:profileinstaller:1.4.0] AndroidManifest.xml:37:13-35
273            android:exported="true"
273-->[androidx.profileinstaller:profileinstaller:1.4.0] AndroidManifest.xml:38:13-36
274            android:permission="android.permission.DUMP" >
274-->[androidx.profileinstaller:profileinstaller:1.4.0] AndroidManifest.xml:39:13-57
275            <intent-filter>
275-->[androidx.profileinstaller:profileinstaller:1.4.0] AndroidManifest.xml:40:13-42:29
276                <action android:name="androidx.profileinstaller.action.INSTALL_PROFILE" />
276-->[androidx.profileinstaller:profileinstaller:1.4.0] AndroidManifest.xml:41:17-91
276-->[androidx.profileinstaller:profileinstaller:1.4.0] AndroidManifest.xml:41:25-88
277            </intent-filter>
278            <intent-filter>
278-->[androidx.profileinstaller:profileinstaller:1.4.0] AndroidManifest.xml:43:13-45:29
279                <action android:name="androidx.profileinstaller.action.SKIP_FILE" />